<?xml version="1.0" encoding="UTF-8"?>
<!-- Generated by org.testng.reporters.JUnitReportReporter -->
<testsuite hostname="DEENANR" failures="0" tests="1" name="Flipkart_MavenAutomation.Flipkart_MavenProject.FlipkartProj1" time="55.796" errors="0" timestamp="2024-04-06T14:15:16 IST" skipped="0">
  <testcase classname="Flipkart_MavenAutomation.Flipkart_MavenProject.FlipkartProj1" name="Ecommerce" time="55.796"/>
  <system-out/>
</testsuite> <!-- Flipkart_MavenAutomation.Flipkart_MavenProject.FlipkartProj1 -->
